C51 COMPILER V9.56.0.0   ERROR                                                             05/14/2018 12:15:25 PAGE 1   


C51 COMPILER V9.56.0.0, COMPILATION OF MODULE ERROR
OBJECT MODULE PLACED IN .\Objects\ERROR.obj
COMPILER INVOKED BY: D:\SoftWare\Keil\C51\BIN\C51.EXE ERROR.C OPTIMIZE(8,SPEED) BROWSE DEBUG OBJECTEXTEND PRINT(.\Listin
                    -gs\ERROR.lst) OBJECT(.\Objects\ERROR.obj)

line level    source

   1          #include <STC15F2K60S2.H>
   2          #include <ERROR.H>
   3          
   4          uint count = 0;
   5          uint cycle,high_level;
   6          int close = 0, close_count = 0;
   7          
   8          void Timer2Init(void)           //1毫秒@24.000MHz
   9          {
  10   1              AUXR |= 0x04;           //定时器时钟1T模式
  11   1              T2L = 0x40;                     //设置定时初值
  12   1              T2H = 0xA2;                     //设置定时初值
  13   1              AUXR |= 0x10;           //定时器2开始计时
  14   1      }
  15          
  16          void speed(uint on, uint off, int num)//
  17          {
  18   1          IE2 |= 0x04;        //开定时器2中断
  19   1              cycle = on + off;
  20   1              high_level = on;
  21   1              close = num - 1;
  22   1      }
  23          
  24          void t2int() interrupt 12           //中断入口
  25          {
  26   1              count++;
  27   1              if(count < high_level)
  28   1              {
  29   2                      bell = 0;
  30   2              }
  31   1              else
  32   1              {
  33   2                      bell = 1;
  34   2              }
  35   1              if(count > cycle)
  36   1              {
  37   2                      count = 0;
  38   2                      if(close <= close_count && close != -1)
  39   2                      {
  40   3                              IE2 &= ~0x04;
  41   3                              close_count = 0;
  42   3                              
  43   3                      }
  44   2                      else
  45   2                      {
  46   3                              close_count++;
  47   3                      }
  48   2              }
  49   1      }
  50          
  51          
  52          
  53          
  54          
C51 COMPILER V9.56.0.0   ERROR                                                             05/14/2018 12:15:25 PAGE 2   

  55          
  56          


MODULE INFORMATION:   STATIC OVERLAYABLE
   CODE SIZE        =    141    ----
   CONSTANT SIZE    =   ----    ----
   XDATA SIZE       =   ----    ----
   PDATA SIZE       =   ----    ----
   DATA SIZE        =     10    ----
   IDATA SIZE       =   ----    ----
   BIT SIZE         =   ----    ----
END OF MODULE INFORMATION.


C51 COMPILATION COMPLETE.  0 WARNING(S),  0 ERROR(S)
