C51 COMPILER V9.56.0.0   MODBUS                                                            03/15/2018 21:06:25 PAGE 1   


C51 COMPILER V9.56.0.0, COMPILATION OF MODULE MODBUS
OBJECT MODULE PLACED IN .\Objects\MODBUS.obj
COMPILER INVOKED BY: D:\SoftWare\Keil\C51\BIN\C51.EXE MODBUS.c OPTIMIZE(8,SPEED) BROWSE DEBUG OBJECTEXTEND PRINT(.\Listi
                    -ngs\MODBUS.lst) OBJECT(.\Objects\MODBUS.obj)

line level    source

   1          #include <MODBUS.H>
   2          
   3          
   4          uchar code modbus_CRCH[]=  
   5          {  
   6          0x00, 0xC1, 0x81, 0x40, 0x01, 0xC0, 0x80, 0x41, 0x01, 0xC0, 0x80, 0x41, 0x00, 0xC1, 0x81,  
   7          0x40, 0x01, 0xC0, 0x80, 0x41, 0x00, 0xC1, 0x81, 0x40, 0x00, 0xC1, 0x81, 0x40, 0x01, 0xC0,  
   8          0x80, 0x41, 0x01, 0xC0, 0x80, 0x41, 0x00, 0xC1, 0x81, 0x40, 0x00, 0xC1, 0x81, 0x40, 0x01,  
   9          0xC0, 0x80, 0x41, 0x00, 0xC1, 0x81, 0x40, 0x01, 0xC0, 0x80, 0x41, 0x01, 0xC0, 0x80, 0x41,  
  10          0x00, 0xC1, 0x81, 0x40, 0x01, 0xC0, 0x80, 0x41, 0x00, 0xC1, 0x81, 0x40, 0x00, 0xC1, 0x81,  
  11          0x40, 0x01, 0xC0, 0x80, 0x41, 0x00, 0xC1, 0x81, 0x40, 0x01, 0xC0, 0x80, 0x41, 0x01, 0xC0,  
  12          0x80, 0x41, 0x00, 0xC1, 0x81, 0x40, 0x00, 0xC1, 0x81, 0x40, 0x01, 0xC0, 0x80, 0x41, 0x01,  
  13          0xC0, 0x80, 0x41, 0x00, 0xC1, 0x81, 0x40, 0x01, 0xC0, 0x80, 0x41, 0x00, 0xC1, 0x81, 0x40,  
  14          0x00, 0xC1, 0x81, 0x40, 0x01, 0xC0, 0x80, 0x41, 0x01, 0xC0, 0x80, 0x41, 0x00, 0xC1, 0x81,  
  15          0x40, 0x00, 0xC1, 0x81, 0x40, 0x01, 0xC0, 0x80, 0x41, 0x00, 0xC1, 0x81, 0x40, 0x01, 0xC0,  
  16          0x80, 0x41, 0x01, 0xC0, 0x80, 0x41, 0x00, 0xC1, 0x81, 0x40, 0x00, 0xC1, 0x81, 0x40, 0x01,  
  17          0xC0, 0x80, 0x41, 0x01, 0xC0, 0x80, 0x41, 0x00, 0xC1, 0x81, 0x40, 0x01, 0xC0, 0x80, 0x41,  
  18          0x00, 0xC1, 0x81, 0x40, 0x00, 0xC1, 0x81, 0x40, 0x01, 0xC0, 0x80, 0x41, 0x00, 0xC1, 0x81,  
  19          0x40, 0x01, 0xC0, 0x80, 0x41, 0x01, 0xC0, 0x80, 0x41, 0x00, 0xC1, 0x81, 0x40, 0x01, 0xC0,  
  20          0x80, 0x41, 0x00, 0xC1, 0x81, 0x40, 0x00, 0xC1, 0x81, 0x40, 0x01, 0xC0, 0x80, 0x41, 0x01,  
  21          0xC0, 0x80, 0x41, 0x00, 0xC1, 0x81, 0x40, 0x00, 0xC1, 0x81, 0x40, 0x01, 0xC0, 0x80, 0x41,  
  22          0x00, 0xC1, 0x81, 0x40, 0x01, 0xC0, 0x80, 0x41, 0x01, 0xC0, 0x80, 0x41, 0x00, 0xC1, 0x81,  
  23          0x40  
  24          };  
  25            
  26          uchar code modbus_CRCL[] =  
  27          {  
  28          0x00, 0xC0, 0xC1, 0x01, 0xC3, 0x03, 0x02, 0xC2, 0xC6, 0x06, 0x07, 0xC7, 0x05, 0xC5, 0xC4,  
  29          0x04, 0xCC, 0x0C, 0x0D, 0xCD, 0x0F, 0xCF, 0xCE, 0x0E, 0x0A, 0xCA, 0xCB, 0x0B, 0xC9, 0x09,  
  30          0x08, 0xC8, 0xD8, 0x18, 0x19, 0xD9, 0x1B, 0xDB, 0xDA, 0x1A, 0x1E, 0xDE, 0xDF, 0x1F, 0xDD,  
  31          0x1D, 0x1C, 0xDC, 0x14, 0xD4, 0xD5, 0x15, 0xD7, 0x17, 0x16, 0xD6, 0xD2, 0x12, 0x13, 0xD3,  
  32          0x11, 0xD1, 0xD0, 0x10, 0xF0, 0x30, 0x31, 0xF1, 0x33, 0xF3, 0xF2, 0x32, 0x36, 0xF6, 0xF7,  
  33          0x37, 0xF5, 0x35, 0x34, 0xF4, 0x3C, 0xFC, 0xFD, 0x3D, 0xFF, 0x3F, 0x3E, 0xFE, 0xFA, 0x3A,  
  34          0x3B, 0xFB, 0x39, 0xF9, 0xF8, 0x38, 0x28, 0xE8, 0xE9, 0x29, 0xEB, 0x2B, 0x2A, 0xEA, 0xEE,  
  35          0x2E, 0x2F, 0xEF, 0x2D, 0xED, 0xEC, 0x2C, 0xE4, 0x24, 0x25, 0xE5, 0x27, 0xE7, 0xE6, 0x26,  
  36          0x22, 0xE2, 0xE3, 0x23, 0xE1, 0x21, 0x20, 0xE0, 0xA0, 0x60, 0x61, 0xA1, 0x63, 0xA3, 0xA2,  
  37          0x62, 0x66, 0xA6, 0xA7, 0x67, 0xA5, 0x65, 0x64, 0xA4, 0x6C, 0xAC, 0xAD, 0x6D, 0xAF, 0x6F,  
  38          0x6E, 0xAE, 0xAA, 0x6A, 0x6B, 0xAB, 0x69, 0xA9, 0xA8, 0x68, 0x78, 0xB8, 0xB9, 0x79, 0xBB,  
  39          0x7B, 0x7A, 0xBA, 0xBE, 0x7E, 0x7F, 0xBF, 0x7D, 0xBD, 0xBC, 0x7C, 0xB4, 0x74, 0x75, 0xB5,  
  40          0x77, 0xB7, 0xB6, 0x76, 0x72, 0xB2, 0xB3, 0x73, 0xB1, 0x71, 0x70, 0xB0, 0x50, 0x90, 0x91,  
  41          0x51, 0x93, 0x53, 0x52, 0x92, 0x96, 0x56, 0x57, 0x97, 0x55, 0x95, 0x94, 0x54, 0x9C, 0x5C,  
  42          0x5D, 0x9D, 0x5F, 0x9F, 0x9E, 0x5E, 0x5A, 0x9A, 0x9B, 0x5B, 0x99, 0x59, 0x58, 0x98, 0x88,  
  43          0x48, 0x49, 0x89, 0x4B, 0x8B, 0x8A, 0x4A, 0x4E, 0x8E, 0x8F, 0x4F, 0x8D, 0x4D, 0x4C, 0x8C,  
  44          0x44, 0x84, 0x85, 0x45, 0x87, 0x47, 0x46, 0x86, 0x82, 0x42, 0x43, 0x83, 0x41, 0x81, 0x80,  
  45          0x40  
  46          };  
  47          
  48          TYPE_CRC CRC16(uchar *updata,uint len)  
  49          {  
  50   1              TYPE_CRC DataCRC;
  51   1              uchar uchCRCHi=0xff;  
  52   1              uchar uchCRCLo=0xff;  
  53   1              uint  uindex;  
  54   1              while(len--)  
C51 COMPILER V9.56.0.0   MODBUS                                                            03/15/2018 21:06:25 PAGE 2   

  55   1              {  
  56   2                uindex = uchCRCHi ^ *updata++;  
  57   2                uchCRCHi = uchCRCLo ^ modbus_CRCH[uindex];  
  58   2                uchCRCLo = modbus_CRCL[uindex];  
  59   2              }  
  60   1          
  61   1              DataCRC.High = uchCRCHi;
  62   1              DataCRC.Low  = uchCRCLo;
  63   1              return DataCRC;  
  64   1      }  
  65          
  66          char * MakeModbus(uchar addr, uchar com, int reg_addr, int len)
  67          {
  68   1              char xdata return_buf[10];
  69   1              TYPE_CRC crc ;
  70   1              
  71   1              return_buf[0] = addr;
  72   1              return_buf[1] = com;
  73   1              return_buf[2] = reg_addr >> 8;
  74   1              return_buf[3] = reg_addr;
  75   1              return_buf[4] = len >> 8;
  76   1              return_buf[5] = len;
  77   1              
  78   1              crc = CRC16(return_buf,6);
  79   1              
  80   1              
  81   1              return_buf[6] = crc.High;
  82   1              return_buf[7] = crc.Low;
  83   1              
  84   1              return return_buf;
  85   1      }
  86          
  87          char * ModbusParsing(uchar *buf)
  88          {
  89   1              static xdata out_put[150];
  90   1              int i;
  91   1              int count = 0;
  92   1              uchar len;
  93   1              TYPE_CRC crc;
  94   1      
  95   1              len = buf[2];
  96   1              for(i = 0;i<len;i++)
  97   1              {
  98   2                      out_put[count] = buf[count + 2];
  99   2                      count++;
 100   2              }
 101   1              
 102   1              crc = CRC16(buf,len + 3);
 103   1              
 104   1              if((crc.High == buf[len + 3]) && (crc.Low == buf[len + 4]))
 105   1              {
 106   2                      return out_put;
 107   2              }
 108   1              else
 109   1              {
 110   2                      return "000";
 111   2              }
 112   1      }
 113          
 114          
 115          
 116          
C51 COMPILER V9.56.0.0   MODBUS                                                            03/15/2018 21:06:25 PAGE 3   

 117          
 118          
 119          
 120          
 121          
 122          
 123          
 124          
 125          
 126          
 127          
 128          


MODULE INFORMATION:   STATIC OVERLAYABLE
   CODE SIZE        =    339    ----
   CONSTANT SIZE    =    516    ----
   XDATA SIZE       =    300      10
   PDATA SIZE       =   ----    ----
   DATA SIZE        =   ----      25
   IDATA SIZE       =   ----    ----
   BIT SIZE         =   ----    ----
END OF MODULE INFORMATION.


C51 COMPILATION COMPLETE.  0 WARNING(S),  0 ERROR(S)
